C51 COMPILER V9.55   MAIN                                                                  04/20/2016 11:19:37 PAGE 1   


C51 COMPILER V9.55, COMPILATION OF MODULE MAIN
OBJECT MODULE PLACED IN .\Objects\main.obj
COMPILER INVOKED BY: C:\Keil_v5\C51\BIN\C51.EXE main.c OPTIMIZE(8,SPEED) BROWSE DEBUG OBJECTEXTEND PRINT(.\Listings\main
                    -.lst) TABS(2) OBJECT(.\Objects\main.obj)

line level    source

   1          /*
   2          PROJECT Name: LED
   3          Author      : Etiq Technologies
   4          Created on  :16 April 2016
   5          Description:  The Project is a demo project for the AT89S8253 programming.
   6                        The code blinks the LEDs connected to  port2 of the AT89S8253 
   7                        controller when switch at p0_1 pin pressed and hold.Since inbuilt 
   8                        delay routine is not available a delay library using the timer                                     
             -           
   9                        modules of the controller is created and attached with the project.
  10                        only delays in milliseconds greater and multiples of 25 should be
  11                        passed to the funcion.
  12          
  13          */
  14          
  15          
  16          #include <REG8253.H>
  17          #include "delay.h"           //delay header
  18          
  19          
  20          void main()
  21          {
  22   1        while(1)
  23   1        {
  24   2        P0=0xFF;                  //port P0 is made an input port
  25   2        
  26   2        if(P0_1==0)               //if switch connected to the 1st pin of port0 pressed the pin gets grounded
  27   2        {
  28   3        P2=0x00;  
  29   3        delay_ms(250);           //blinks the LEDs connected to the port2 with a delay
  30   3        P2=0xFF;
  31   3        delay_ms(250);
  32   3        }
  33   2        
  34   2      //  else
  35   2      //  {   
  36   2      //    P2=0xFF;
  37   2      //  }
  38   2        }
  39   1      }


MODULE INFORMATION:   STATIC OVERLAYABLE
   CODE SIZE        =     27    ----
   CONSTANT SIZE    =   ----    ----
   XDATA SIZE       =   ----    ----
   PDATA SIZE       =   ----    ----
   DATA SIZE        =   ----    ----
   IDATA SIZE       =   ----    ----
   BIT SIZE         =   ----    ----
END OF MODULE INFORMATION.


C51 COMPILATION COMPLETE.  0 WARNING(S),  0 ERROR(S)
